<?xml version="1.0" encoding="utf-8"?><testsuites name="pytest tests"><testsuite name="pytest" errors="0" failures="9" skipped="0" tests="36" time="1.864" timestamp="2026-06-27T01:24:07.338062+05:30" hostname="Krishnas-MacBook-Air.local"><testcase classname="tests.e2e.test_registration_flow.TestHealthEndpoint" name="test_health_endpoint_returns_ok" time="0.924" /><testcase classname="tests.e2e.test_registration_flow.TestRegistrationFlow" name="test_full_registration_returns_201_with_jwt" time="0.032"><failure message="AssertionError: {&quot;detail&quot;:[{&quot;type&quot;:&quot;value_error&quot;,&quot;loc&quot;:[&quot;body&quot;,&quot;email&quot;],&quot;msg&quot;:&quot;value is not a valid email address: The part after the @-sign is a special-use or reserved name that cannot be used with email.&quot;,&quot;input&quot;:&quot;e2e-babee01f@test.lifecircle.local&quot;,&quot;ctx&quot;:{&quot;reason&quot;:&quot;The part after the @-sign is a special-use or reserved name that cannot be used with email.&quot;}}]}&#10;assert 422 == 201&#10; +  where 422 = &lt;Response [422 Unprocessable Entity]&gt;.status_code">tests/e2e/test_registration_flow.py:55: in test_full_registration_returns_201_with_jwt
    assert response.status_code == 201, response.text
E   AssertionError: {"detail":[{"type":"value_error","loc":["body","email"],"msg":"value is not a valid email address: The part after the @-sign is a special-use or reserved name that cannot be used with email.","input":"e2e-babee01f@test.lifecircle.local","ctx":{"reason":"The part after the @-sign is a special-use or reserved name that cannot be used with email."}}]}
E   assert 422 == 201
E    +  where 422 = &lt;Response [422 Unprocessable Entity]&gt;.status_code</failure></testcase><testcase classname="tests.e2e.test_registration_flow.TestRegistrationFlow" name="test_registration_response_has_standard_envelope" time="0.003"><failure message="AssertionError: assert 'success' in {'detail': [{'ctx': {'reason': 'The part after the @-sign is a special-use or reserved name that cannot be used with email.'}, 'input': 'e2e-96dba225@test.lifecircle.local', 'loc': ['body', 'email'], 'msg': 'value is not a valid email address: The part after the @-sign is a special-use or reserved name that cannot be used with email.', ...}]}">tests/e2e/test_registration_flow.py:74: in test_registration_response_has_standard_envelope
    assert "success" in body
E   AssertionError: assert 'success' in {'detail': [{'ctx': {'reason': 'The part after the @-sign is a special-use or reserved name that cannot be used with email.'}, 'input': 'e2e-96dba225@test.lifecircle.local', 'loc': ['body', 'email'], 'msg': 'value is not a valid email address: The part after the @-sign is a special-use or reserved name that cannot be used with email.', ...}]}</failure></testcase><testcase classname="tests.e2e.test_registration_flow.TestRegistrationFlow" name="test_registration_includes_correlation_id_header" time="0.003"><failure message="AssertionError: assert 'x-correlation-id' in Headers({'content-length': '350', 'content-type': 'application/json'})&#10; +  where Headers({'content-length': '350', 'content-type': 'application/json'}) = &lt;Response [422 Unprocessable Entity]&gt;.headers">tests/e2e/test_registration_flow.py:85: in test_registration_includes_correlation_id_header
    assert "x-correlation-id" in response.headers
E   AssertionError: assert 'x-correlation-id' in Headers({'content-length': '350', 'content-type': 'application/json'})
E    +  where Headers({'content-length': '350', 'content-type': 'application/json'}) = &lt;Response [422 Unprocessable Entity]&gt;.headers</failure></testcase><testcase classname="tests.e2e.test_registration_flow.TestRegistrationFlow" name="test_duplicate_email_returns_409" time="0.005"><failure message="AssertionError: First registration failed: {&quot;detail&quot;:[{&quot;type&quot;:&quot;value_error&quot;,&quot;loc&quot;:[&quot;body&quot;,&quot;email&quot;],&quot;msg&quot;:&quot;value is not a valid email address: The part after the @-sign is a special-use or reserved name that cannot be used with email.&quot;,&quot;input&quot;:&quot;e2e-ff78f0c4@test.lifecircle.local&quot;,&quot;ctx&quot;:{&quot;reason&quot;:&quot;The part after the @-sign is a special-use or reserved name that cannot be used with email.&quot;}}]}&#10;assert 422 == 201&#10; +  where 422 = &lt;Response [422 Unprocessable Entity]&gt;.status_code">tests/e2e/test_registration_flow.py:95: in test_duplicate_email_returns_409
    assert r1.status_code == 201, f"First registration failed: {r1.text}"
E   AssertionError: First registration failed: {"detail":[{"type":"value_error","loc":["body","email"],"msg":"value is not a valid email address: The part after the @-sign is a special-use or reserved name that cannot be used with email.","input":"e2e-ff78f0c4@test.lifecircle.local","ctx":{"reason":"The part after the @-sign is a special-use or reserved name that cannot be used with email."}}]}
E   assert 422 == 201
E    +  where 422 = &lt;Response [422 Unprocessable Entity]&gt;.status_code</failure></testcase><testcase classname="tests.e2e.test_registration_flow.TestRegistrationFlow" name="test_weak_password_returns_400" time="0.025" /><testcase classname="tests.e2e.test_registration_flow.TestRegistrationFlow" name="test_invalid_email_returns_422" time="0.032" /><testcase classname="tests.e2e.test_registration_flow.TestFamilyCreationFlow" name="test_guardian_can_create_family" time="0.004"><failure message="assert 422 == 201&#10; +  where 422 = &lt;Response [422 Unprocessable Entity]&gt;.status_code">tests/e2e/test_registration_flow.py:154: in test_guardian_can_create_family
    assert reg_response.status_code == 201
E   assert 422 == 201
E    +  where 422 = &lt;Response [422 Unprocessable Entity]&gt;.status_code</failure></testcase><testcase classname="tests.e2e.test_registration_flow.TestFamilyCreationFlow" name="test_family_creation_without_jwt_returns_401" time="0.018"><failure message="assert 422 == 401&#10; +  where 422 = &lt;Response [422 Unprocessable Entity]&gt;.status_code">tests/e2e/test_registration_flow.py:180: in test_family_creation_without_jwt_returns_401
    assert response.status_code == 401
E   assert 422 == 401
E    +  where 422 = &lt;Response [422 Unprocessable Entity]&gt;.status_code</failure></testcase><testcase classname="tests.e2e.test_registration_flow.TestRateLimiting" name="test_rate_limit_returns_429_on_sixth_request" time="0.013"><failure message="AssertionError: Expected a 429 rate limit response among [422, 422, 422, 422, 422, 422]&#10;assert 429 in [422, 422, 422, 422, 422, 422]">tests/e2e/test_registration_flow.py:211: in test_rate_limit_returns_429_on_sixth_request
    assert 429 in responses, (
E   AssertionError: Expected a 429 rate limit response among [422, 422, 422, 422, 422, 422]
E   assert 429 in [422, 422, 422, 422, 422, 422]</failure></testcase><testcase classname="tests.e2e.test_registration_flow.TestSyncOutbox" name="test_sync_outbox_accepts_valid_event" time="0.003"><failure message="assert 422 == 201&#10; +  where 422 = &lt;Response [422 Unprocessable Entity]&gt;.status_code">tests/e2e/test_registration_flow.py:232: in test_sync_outbox_accepts_valid_event
    assert reg.status_code == 201
E   assert 422 == 201
E    +  where 422 = &lt;Response [422 Unprocessable Entity]&gt;.status_code</failure></testcase><testcase classname="tests.e2e.test_registration_flow.TestSyncOutbox" name="test_sync_outbox_deduplicates_idempotent_replay" time="0.004"><failure message="assert 422 == 201&#10; +  where 422 = &lt;Response [422 Unprocessable Entity]&gt;.status_code">tests/e2e/test_registration_flow.py:265: in test_sync_outbox_deduplicates_idempotent_replay
    assert reg.status_code == 201
E   assert 422 == 201
E    +  where 422 = &lt;Response [422 Unprocessable Entity]&gt;.status_code</failure></testcase><testcase classname="tests.unit.auth.test_register_user.TestRegisterUserSuccess" name="test_register_user_returns_user_entity" time="0.042" /><testcase classname="tests.unit.auth.test_register_user.TestRegisterUserSuccess" name="test_register_user_persists_to_repository" time="0.038" /><testcase classname="tests.unit.auth.test_register_user.TestRegisterUserSuccess" name="test_register_user_password_is_hashed" time="0.038" /><testcase classname="tests.unit.auth.test_register_user.TestRegisterUserSuccess" name="test_register_user_publishes_event" time="0.039" /><testcase classname="tests.unit.auth.test_register_user.TestRegisterUserSuccess" name="test_register_helper_role" time="0.038" /><testcase classname="tests.unit.auth.test_register_user.TestRegisterUserDuplicateEmail" name="test_duplicate_email_raises_error" time="0.040" /><testcase classname="tests.unit.auth.test_register_user.TestRegisterUserDuplicateEmail" name="test_duplicate_email_does_not_publish_event" time="0.039" /><testcase classname="tests.unit.auth.test_register_user.TestRegisterUserWeakPassword" name="test_short_password_raises_value_error" time="0.001" /><testcase classname="tests.unit.auth.test_register_user.TestRegisterUserWeakPassword" name="test_no_uppercase_raises_value_error" time="0.001" /><testcase classname="tests.unit.auth.test_register_user.TestRegisterUserWeakPassword" name="test_no_digit_raises_value_error" time="0.001" /><testcase classname="tests.unit.auth.test_register_user.TestRegisterUserWeakPassword" name="test_no_special_char_raises_value_error" time="0.001" /><testcase classname="tests.unit.auth.test_register_user.TestRegisterUserWeakPassword" name="test_weak_password_does_not_persist_user" time="0.001" /><testcase classname="tests.unit.auth.test_register_user.TestArgon2idParameters" name="test_argon2id_memory_cost" time="0.000" /><testcase classname="tests.unit.auth.test_register_user.TestArgon2idParameters" name="test_argon2id_time_cost" time="0.000" /><testcase classname="tests.unit.auth.test_register_user.TestArgon2idParameters" name="test_argon2id_parallelism" time="0.000" /><testcase classname="tests.unit.auth.test_register_user.TestArgon2idParameters" name="test_argon2id_hash_is_verifiable" time="0.072" /><testcase classname="tests.unit.auth.test_register_user.TestCreateFamilyUseCase" name="test_guardian_can_create_family" time="0.001" /><testcase classname="tests.unit.auth.test_register_user.TestCreateFamilyUseCase" name="test_family_creation_publishes_event" time="0.001" /><testcase classname="tests.unit.auth.test_register_user.TestCreateFamilyUseCase" name="test_nonexistent_owner_raises_unauthorized" time="0.001" /><testcase classname="tests.unit.auth.test_register_user.TestCreateFamilyUseCase" name="test_non_guardian_cannot_create_family" time="0.001" /><testcase classname="tests.unit.auth.test_register_user.TestUserEntityInvariants" name="test_invalid_email_raises_error" time="0.001" /><testcase classname="tests.unit.auth.test_register_user.TestUserEntityInvariants" name="test_empty_name_raises_error" time="0.001" /><testcase classname="tests.unit.auth.test_register_user.TestUserEntityInvariants" name="test_empty_password_hash_raises_error" time="0.001" /><testcase classname="tests.unit.auth.test_register_user.TestUserEntityInvariants" name="test_user_role_enum_values" time="0.000" /></testsuite></testsuites>